INTERSECTION
============
polygon A: simple, n=6, CCW, 2/1 4/1, 0/1 3/1, 1/1 1/1, 2/1 3/1, 3/1 1/1, 4/1 3/1
polygon B: convex, n=4, CCW, 0/1 2/1, 0/1 0/1, 5/1 0/1, 5/1 2/1

RESULT: (size=2)
pgon convex, n=3, CCW, 1/1 1/1, 15/10 20/10, -5/-10 -20/-10
pgon convex, n=3, CCW, -25/-10 -20/-10, 3/1 1/1, 35/10 20/10



DIFFERENCE
==========
polygon A: simple, n=6, CCW, 2/1 4/1, 0/1 3/1, 1/1 1/1, 2/1 3/1, 3/1 1/1, 4/1 3/1
polygon B: convex, n=4, CCW, 0/1 2/1, 0/1 0/1, 5/1 0/1, 5/1 2/1

RESULT: (size=1)
pgon simple, n=8, CCW, 0/1 3/1, -5/-10 -20/-10, 15/10 20/10, 2/1 3/1, -25/-10 -20/-10, 35/10 20/10, 4/1 3/1, 2/1 4/1



UNION
=====
polygon A: simple, n=6, CCW, 2/1 4/1, 0/1 3/1, 1/1 1/1, 2/1 3/1, 3/1 1/1, 4/1 3/1
polygon B: convex, n=4, CCW, 0/1 2/1, 0/1 0/1, 5/1 0/1, 5/1 2/1

RESULT: (size=2)
pgon simple, n=9, CCW, 0/1 3/1, -5/-10 -20/-10, 0/1 2/1, 0/1 0/1, 5/1 0/1, 5/1 2/1, 35/10 20/10, 4/1 3/1, 2/1 4/1
pgon convex, n=3, CLW, 15/10 20/10, 2/1 3/1, -25/-10 -20/-10



